Quick-Cocos2dx-Community C++ support ready.

------------------------------------------------

LOAD LUA FILE: C:/Users/Administrator/Desktop/Projects/VanPokemon/src/main.lua

------------------------------------------------

[LUA-print] ===========================================================

[LUA-print]               LOAD QUICK FRAMEWORK

[LUA-print] ===========================================================

[LUA-print] [INFO] 

[LUA-print] [INFO] # DEBUG                        = 1

[LUA-print] [INFO] #

[LUA-print] [INFO] # device.platform              = windows

[LUA-print] [INFO] # device.model                 = unknown

[LUA-print] [INFO] # device.language              = cn

[LUA-print] [INFO] # device.writablePath          = C:\Users\Administrator\Desktop\Projects\VanPokemon\

[LUA-print] [INFO] # device.directorySeparator    = \

[LUA-print] [INFO] # device.pathSeparator         = ;

[LUA-print] [INFO] #

[LUA-print] [INFO] # CONFIG_SCREEN_AUTOSCALE      = FIXED_WIDTH

[LUA-print] [INFO] # CONFIG_SCREEN_WIDTH          = 640.00

[LUA-print] [INFO] # CONFIG_SCREEN_HEIGHT         = 960.00

[LUA-print] [INFO] # display.widthInPixels        = 640.00

[LUA-print] [INFO] # display.heightInPixels       = 960.00

[LUA-print] [INFO] # display.contentScaleFactor   = 1.00

[LUA-print] [INFO] # display.width                = 640.00

[LUA-print] [INFO] # display.height               = 960.00

[LUA-print] [INFO] # display.cx                   = 320.00

[LUA-print] [INFO] # display.cy                   = 480.00

[LUA-print] [INFO] # display.left                 = 0.00

[LUA-print] [INFO] # display.right                = 640.00

[LUA-print] [INFO] # display.top                  = 960.00

[LUA-print] [INFO] # display.bottom               = 0.00

[LUA-print] [INFO] # display.c_left               = -320.00

[LUA-print] [INFO] # display.c_right              = 320.00

[LUA-print] [INFO] # display.c_top                = 480.00

[LUA-print] [INFO] # display.c_bottom             = -480.00

[LUA-print] [INFO] #

cocos2d: padding: 0,0,0,0

cocos2d: padding: 0,0,0,0

cocos2d: padding: 0,0,0,0

[LUA-print] swap:	2	10	3	9

[LUA-print] swap

[LUA-print] ended

[LUA-print] swap:	2	10	3	9

[LUA-print] reswap:	3	9	2	10

[LUA-print] aft_reswap:	2	10	3	9

[LUA-print] ended

[LUA-print] swap:	2	2	3	3

[LUA-print] swap

[LUA-print] swap:	2	12	3	11

[LUA-print] swap

[LUA-print] swap:	3	11	2	10

[LUA-print] reswap:	2	10	3	11

[LUA-print] aft_reswap:	3	11	2	10

[LUA-print] ended

[LUA-print] swap:	2	12	2	10

[LUA-print] swap

[LUA-print] ended

[LUA-print] swap:	4	10	4	9

[LUA-print] reswap:	4	9	4	10

[LUA-print] aft_reswap:	4	10	4	9

[LUA-print] ended

[LUA-print] swap:	4	8	4	7

[LUA-print] reswap:	4	7	4	8

[LUA-print] aft_reswap:	4	8	4	7

[LUA-print] ended

[LUA-print] swap:	5	7	4	8

[LUA-print] swap

[LUA-print] ended

[LUA-print] swap:	4	13	4	11

[LUA-print] swap

[LUA-print] ended

[LUA-print] swap:	3	7	3	8

[LUA-print] reswap:	3	8	3	7

[LUA-print] aft_reswap:	3	7	3	8

[LUA-print] ended

[LUA-print] swap:	4	6	4	7

[LUA-print] reswap:	4	7	4	6

[LUA-print] aft_reswap:	4	6	4	7

[LUA-print] ended

[LUA-print] swap:	3	6	4	5

[LUA-print] swap

[LUA-print] ended

[LUA-print] swap:	3	13	3	11

[LUA-print] reswap:	3	11	3	13

[LUA-print] aft_reswap:	3	13	3	11

[LUA-print] ended

[LUA-print] swap:	2	10	2	11

[LUA-print] reswap:	2	11	2	10

[LUA-print] aft_reswap:	2	10	2	11

[LUA-print] ended

[LUA-print] swap:	2	10	3	11

[LUA-print] swap

[LUA-print] ended

[LUA-print] swap:	3	8	3	6

[LUA-print] swap

[LUA-print] swap:	3	7	3	6

[LUA-print] swap

[LUA-print] swap:	2	8	3	7

[LUA-print] swap

[LUA-print] ended

[LUA-print] swap:	2	8	3	9

[LUA-print] swap

[LUA-print] swap:	1	4	2	5

[LUA-print] swap

[LUA-print] swap:	3	9	2	10

[LUA-print] swap

[LUA-print] swap:	3	7	2	8

[LUA-print] swap

[LUA-print] swap:	1	8	2	9

[LUA-print] swap

[LUA-print] swap:	2	12	3	11

[LUA-print] swap

[LUA-print] ended

[LUA-print] swap:	3	8	3	9

[LUA-print] swap

[LUA-print] ended

[LUA-print] swap:	2	10	3	9

[LUA-print] swap

[LUA-print] ended

[LUA-print] swap:	3	10	3	9

[LUA-print] swap

[LUA-print] ended

[LUA-print] swap:	3	9	3	7

[LUA-print] reswap:	3	7	3	9

[LUA-print] aft_reswap:	3	9	3	7

[LUA-print] ended

[LUA-print] swap:	3	5	3	3

[LUA-print] reswap:	3	3	3	5

[LUA-print] aft_reswap:	3	5	3	3

[LUA-print] ended

[LUA-print] swap:	4	7	4	6

[LUA-print] reswap:	4	6	4	7

[LUA-print] aft_reswap:	4	7	4	6

[LUA-print] ended

[LUA-print] swap:	3	7	3	6

[LUA-print] reswap:	3	6	3	7

[LUA-print] aft_reswap:	3	7	3	6

[LUA-print] ended

[LUA-print] swap:	4	3	3	4

[LUA-print] swap

[LUA-print] ended

[LUA-print] swap:	4	3	3	4

[LUA-print] reswap:	3	4	4	3

[LUA-print] aft_reswap:	4	3	3	4

[LUA-print] ended

[LUA-print] swap:	5	7	4	6

[LUA-print] reswap:	4	6	5	7

[LUA-print] aft_reswap:	5	7	4	6

[LUA-print] ended

[LUA-print] swap:	4	11	3	10

[LUA-print] reswap:	3	10	4	11

[LUA-print] aft_reswap:	4	11	3	10

[LUA-print] ended

[LUA-print] swap:	3	11	3	10

[LUA-print] swap

[LUA-print] swap:	3	10	3	8

[LUA-print] reswap:	3	8	3	10

[LUA-print] aft_reswap:	3	10	3	8

[LUA-print] ended

[LUA-print] swap:	4	10	4	11

[LUA-print] reswap:	4	11	4	10

[LUA-print] aft_reswap:	4	10	4	11

[LUA-print] ended

[LUA-print] swap:	4	11	4	9

[LUA-print] reswap:	4	9	4	11

[LUA-print] aft_reswap:	4	11	4	9

[LUA-print] ended

[LUA-print] swap:	3	4	3	5

[LUA-print] swap

[LUA-print] swap:	2	8	3	9

[LUA-print] swap

[LUA-print] swap:	3	7	3	6

[LUA-print] swap

[LUA-print] ended

[LUA-print] swap:	3	8	4	9

[LUA-print] swap

[LUA-print] swap:	3	10	3	8

[LUA-print] swap

[LUA-print] swap:	3	11	3	9

[LUA-print] reswap:	3	9	3	11

[LUA-print] aft_reswap:	3	11	3	9

[LUA-print] ended

[LUA-print] swap:	2	12	3	11

[LUA-print] reswap:	3	11	2	12

[LUA-print] aft_reswap:	2	12	3	11

[LUA-print] ended

[LUA-print] swap:	2	13	2	11

[LUA-print] reswap:	2	11	2	13

[LUA-print] aft_reswap:	2	13	2	11

[LUA-print] ended

[LUA-print] swap:	2	12	2	10

[LUA-print] reswap:	2	10	2	12

[LUA-print] aft_reswap:	2	12	2	10

[LUA-print] ended

[LUA-print] swap:	2	13	2	11

[LUA-print] reswap:	2	11	2	13

[LUA-print] aft_reswap:	2	13	2	11

[LUA-print] ended

[LUA-print] swap:	2	13	2	11

[LUA-print] reswap:	2	11	2	13

[LUA-print] aft_reswap:	2	13	2	11

[LUA-print] ended

[LUA-print] swap:	4	11	3	10

[LUA-print] reswap:	3	10	4	11

[LUA-print] aft_reswap:	4	11	3	10

[LUA-print] ended

[LUA-print] swap:	3	5	3	6

[LUA-print] swap

[LUA-print] swap:	3	12	3	10

[LUA-print] reswap:	3	10	3	12

[LUA-print] aft_reswap:	3	12	3	10

[LUA-print] ended

[LUA-print] swap:	3	8	3	9

[LUA-print] reswap:	3	9	3	8

[LUA-print] aft_reswap:	3	8	3	9

[LUA-print] ended

[LUA-print] swap:	2	10	3	9

[LUA-print] swap

[LUA-print] swap:	3	8	4	9

[LUA-print] swap

[LUA-print] swap:	3	10	3	9

[LUA-print] swap

[LUA-print] swap:	3	12	3	11

[LUA-print] swap

[LUA-print] swap:	3	7	3	9

[LUA-print] swap

[LUA-print] ended

[LUA-print] swap:	2	11	2	10

[LUA-print] reswap:	2	10	2	11

[LUA-print] aft_reswap:	2	11	2	10

[LUA-print] ended

[LUA-print] swap:	2	12	2	10

[LUA-print] reswap:	2	10	2	12

[LUA-print] aft_reswap:	2	12	2	10

[LUA-print] ended

[LUA-print] swap:	3	13	3	11

[LUA-print] swap

[LUA-print] ended

[LUA-print] swap:	1	4	2	5

[LUA-print] reswap:	2	5	1	4

[LUA-print] aft_reswap:	1	4	2	5

[LUA-print] ended

[LUA-print] swap:	2	6	2	4

[LUA-print] reswap:	2	4	2	6

[LUA-print] aft_reswap:	2	6	2	4

[LUA-print] ended

[LUA-print] swap:	2	7	2	6

[LUA-print] reswap:	2	6	2	7

[LUA-print] aft_reswap:	2	7	2	6

[LUA-print] ended

[LUA-print] swap:	3	6	3	5

[LUA-print] swap

[LUA-print] ended

[LUA-print] swap:	3	6	3	8

[LUA-print] swap

[LUA-print] ended

[LUA-print] swap:	2	11	2	12

[LUA-print] swap

[LUA-print] ended

[LUA-print] swap:	2	12	2	10

[LUA-print] reswap:	2	10	2	12

[LUA-print] aft_reswap:	2	12	2	10

[LUA-print] ended

[LUA-print] swap:	3	12	3	11

[LUA-print] reswap:	3	11	3	12

[LUA-print] aft_reswap:	3	12	3	11

[LUA-print] ended

[LUA-print] swap:	3	13	3	11

[LUA-print] reswap:	3	11	3	13

[LUA-print] aft_reswap:	3	13	3	11

[LUA-print] ended

[LUA-print] swap:	4	7	4	5

[LUA-print] reswap:	4	5	4	7

[LUA-print] aft_reswap:	4	7	4	5

[LUA-print] ended

[LUA-print] swap:	4	4	4	6

[LUA-print] reswap:	4	6	4	4

[LUA-print] aft_reswap:	4	4	4	6

[LUA-print] ended

[LUA-print] swap:	3	4	3	3

[LUA-print] reswap:	3	3	3	4

[LUA-print] aft_reswap:	3	4	3	3

[LUA-print] ended

[LUA-print] swap:	4	3	4	4

[LUA-print] swap

[LUA-print] ended

